GET /articles/yes/edit Mon Jan 16 2017 16:57:19 GMT-1000 (TAHT)
PUT /articles/yes Mon Jan 16 2017 16:57:24 GMT-1000 (TAHT)
GET /articles/yes Mon Jan 16 2017 16:57:35 GMT-1000 (TAHT)
PUT /articles/yes Mon Jan 16 2017 16:57:39 GMT-1000 (TAHT)
GET /articles/yes/edit Mon Jan 16 2017 16:58:10 GMT-1000 (TAHT)
PUT /articles/yes Mon Jan 16 2017 16:58:13 GMT-1000 (TAHT)
PUT /articles/yes Mon Jan 16 2017 16:59:25 GMT-1000 (TAHT)
PUT /articles/yes Mon Jan 16 2017 16:59:30 GMT-1000 (TAHT)
PUT /articles/yes Mon Jan 16 2017 17:00:48 GMT-1000 (TAHT)
GET /articles/yes Mon Jan 16 2017 17:00:49 GMT-1000 (TAHT)
GET /articles/yes/edit Mon Jan 16 2017 17:00:55 GMT-1000 (TAHT)
PUT /articles/yes Mon Jan 16 2017 17:01:01 GMT-1000 (TAHT)
GET /articles/yes Mon Jan 16 2017 17:01:01 GMT-1000 (TAHT)
GET /articles/yes/edit Mon Jan 16 2017 17:01:38 GMT-1000 (TAHT)
GET /articles Mon Jan 16 2017 18:06:08 GMT-1000 (TAHT)
GET /articles/yoo Mon Jan 16 2017 18:06:14 GMT-1000 (TAHT)
GET /articles/yoo/edit Mon Jan 16 2017 18:06:16 GMT-1000 (TAHT)
PUT /articles/yoo Mon Jan 16 2017 18:06:22 GMT-1000 (TAHT)
GET /articles/yoo Mon Jan 16 2017 18:06:25 GMT-1000 (TAHT)
GET /articles/yoo/edit Mon Jan 16 2017 18:14:14 GMT-1000 (TAHT)
PUT /articles/yoo Mon Jan 16 2017 18:14:19 GMT-1000 (TAHT)
GET /articles/yoo Mon Jan 16 2017 18:14:19 GMT-1000 (TAHT)
GET /articles Mon Jan 16 2017 18:14:30 GMT-1000 (TAHT)
GET /articles/jsd Mon Jan 16 2017 18:15:43 GMT-1000 (TAHT)
GET /articles/yes Mon Jan 16 2017 18:16:06 GMT-1000 (TAHT)
GET /articles/yes/edit Mon Jan 16 2017 18:16:08 GMT-1000 (TAHT)
GET /articles/ksjfh/edit Mon Jan 16 2017 18:16:23 GMT-1000 (TAHT)
GET /articles/ksjfh/edit Mon Jan 16 2017 18:17:31 GMT-1000 (TAHT)
GET /articles/ksjfh/edit Mon Jan 16 2017 18:18:06 GMT-1000 (TAHT)
GET /articles/ksjfh/edit Mon Jan 16 2017 18:18:28 GMT-1000 (TAHT)
GET /articles Mon Jan 16 2017 18:23:22 GMT-1000 (TAHT)
GET /articles/Hel Mon Jan 16 2017 18:23:27 GMT-1000 (TAHT)
GET /articles Mon Jan 16 2017 18:23:31 GMT-1000 (TAHT)
DELETE /articles/hello Mon Jan 16 2017 18:24:19 GMT-1000 (TAHT)
GET /articles Mon Jan 16 2017 18:24:29 GMT-1000 (TAHT)
DELETE /articles/hello Mon Jan 16 2017 18:24:57 GMT-1000 (TAHT)
DELETE /articles/hello Mon Jan 16 2017 18:25:33 GMT-1000 (TAHT)
DELETE /articles/hello Mon Jan 16 2017 18:25:53 GMT-1000 (TAHT)
GET /articles Mon Jan 16 2017 18:25:54 GMT-1000 (TAHT)
GET /articles Mon Jan 16 2017 18:26:00 GMT-1000 (TAHT)
