GET /articles Mon Jan 16 2017 15:45:21 GMT-1000 (TAHT)
GET /articles Mon Jan 16 2017 15:45:42 GMT-1000 (TAHT)
GET /articles Mon Jan 16 2017 15:46:18 GMT-1000 (TAHT)
GET /articles Mon Jan 16 2017 15:46:21 GMT-1000 (TAHT)
GET /articles Mon Jan 16 2017 15:46:24 GMT-1000 (TAHT)
GET /articles Mon Jan 16 2017 15:47:04 GMT-1000 (TAHT)
GET /articles Mon Jan 16 2017 15:48:04 GMT-1000 (TAHT)
GET /articles Mon Jan 16 2017 15:48:24 GMT-1000 (TAHT)
POST /articles Mon Jan 16 2017 15:48:39 GMT-1000 (TAHT)
GET /articles Mon Jan 16 2017 15:48:39 GMT-1000 (TAHT)
GET /articles/Hello Mon Jan 16 2017 15:49:00 GMT-1000 (TAHT)
GET /articles/yes Mon Jan 16 2017 15:49:02 GMT-1000 (TAHT)
GET /articles/yes Mon Jan 16 2017 15:51:39 GMT-1000 (TAHT)
GET /articles Mon Jan 16 2017 15:51:42 GMT-1000 (TAHT)
GET /articles/ Mon Jan 16 2017 15:51:46 GMT-1000 (TAHT)
GET /articles/yes Mon Jan 16 2017 15:53:05 GMT-1000 (TAHT)
GET /articles/yes Mon Jan 16 2017 15:53:25 GMT-1000 (TAHT)
GET /articles/yes Mon Jan 16 2017 15:54:32 GMT-1000 (TAHT)
GET /articles/yes Mon Jan 16 2017 15:54:49 GMT-1000 (TAHT)
GET /articles/yes Mon Jan 16 2017 15:55:21 GMT-1000 (TAHT)
GET /articles/yes Mon Jan 16 2017 15:56:36 GMT-1000 (TAHT)
GET /articles/yes Mon Jan 16 2017 15:56:48 GMT-1000 (TAHT)
GET /articles/yes Mon Jan 16 2017 15:57:07 GMT-1000 (TAHT)
GET /articles/yes Mon Jan 16 2017 15:57:37 GMT-1000 (TAHT)
GET /articles//edit Mon Jan 16 2017 15:58:10 GMT-1000 (TAHT)
GET /articles Mon Jan 16 2017 15:58:12 GMT-1000 (TAHT)
GET /articles/ Mon Jan 16 2017 15:58:17 GMT-1000 (TAHT)
GET /articles/ Mon Jan 16 2017 15:59:00 GMT-1000 (TAHT)
GET /articles/ Mon Jan 16 2017 16:10:24 GMT-1000 (TAHT)
GET /articles/yes Mon Jan 16 2017 16:10:27 GMT-1000 (TAHT)
GET /articles//edit Mon Jan 16 2017 16:10:29 GMT-1000 (TAHT)
GET /articles//edit Mon Jan 16 2017 16:10:38 GMT-1000 (TAHT)
GET /articles//edit Mon Jan 16 2017 16:10:43 GMT-1000 (TAHT)
GET /articles//edit Mon Jan 16 2017 16:11:38 GMT-1000 (TAHT)
GET /articles//edit Mon Jan 16 2017 16:11:43 GMT-1000 (TAHT)
GET /articles/yes/edit Mon Jan 16 2017 16:11:54 GMT-1000 (TAHT)
GET /articles/yes Mon Jan 16 2017 16:12:43 GMT-1000 (TAHT)
GET /articles//edit Mon Jan 16 2017 16:12:48 GMT-1000 (TAHT)
PUT /articles/yes Mon Jan 16 2017 16:14:49 GMT-1000 (TAHT)
PUT /articles/yes Mon Jan 16 2017 16:15:17 GMT-1000 (TAHT)
PUT /articles/yes Mon Jan 16 2017 16:21:15 GMT-1000 (TAHT)
GET /articles/yes/edit Mon Jan 16 2017 16:22:50 GMT-1000 (TAHT)
GET /articles Mon Jan 16 2017 16:23:01 GMT-1000 (TAHT)
GET /articles/ Mon Jan 16 2017 16:23:04 GMT-1000 (TAHT)
GET /articles/yes Mon Jan 16 2017 16:23:21 GMT-1000 (TAHT)
GET /articles//edit Mon Jan 16 2017 16:23:24 GMT-1000 (TAHT)
GET /articles/yes/edit Mon Jan 16 2017 16:23:33 GMT-1000 (TAHT)
GET /articles/ Mon Jan 16 2017 16:25:47 GMT-1000 (TAHT)
GET /articles/ Mon Jan 16 2017 16:25:50 GMT-1000 (TAHT)
POST /articles Mon Jan 16 2017 16:26:01 GMT-1000 (TAHT)
POST /articles Mon Jan 16 2017 16:26:29 GMT-1000 (TAHT)
GET /articles Mon Jan 16 2017 16:26:29 GMT-1000 (TAHT)
GET /articles/ Mon Jan 16 2017 16:45:25 GMT-1000 (TAHT)
GET /articles/ Mon Jan 16 2017 16:46:55 GMT-1000 (TAHT)
GET /articles/ Mon Jan 16 2017 16:47:15 GMT-1000 (TAHT)
GET /articles/yes Mon Jan 16 2017 16:47:20 GMT-1000 (TAHT)
GET /articles Mon Jan 16 2017 16:47:24 GMT-1000 (TAHT)
GET /articles/yes Mon Jan 16 2017 16:47:26 GMT-1000 (TAHT)
GET /articles//edit Mon Jan 16 2017 16:47:28 GMT-1000 (TAHT)
GET /articles//edit Mon Jan 16 2017 16:47:48 GMT-1000 (TAHT)
GET /articles Mon Jan 16 2017 16:47:57 GMT-1000 (TAHT)
GET /articles/yes Mon Jan 16 2017 16:47:59 GMT-1000 (TAHT)
GET /articles//edit Mon Jan 16 2017 16:48:02 GMT-1000 (TAHT)
GET /articles//edit Mon Jan 16 2017 16:50:47 GMT-1000 (TAHT)
GET /articles//edit Mon Jan 16 2017 16:50:52 GMT-1000 (TAHT)
GET /articles//edit Mon Jan 16 2017 16:51:15 GMT-1000 (TAHT)
GET /articles Mon Jan 16 2017 16:51:33 GMT-1000 (TAHT)
GET /articles/yes Mon Jan 16 2017 16:51:35 GMT-1000 (TAHT)
GET /articles//edit Mon Jan 16 2017 16:51:58 GMT-1000 (TAHT)
GET /articles//edit Mon Jan 16 2017 16:52:53 GMT-1000 (TAHT)
GET /articles//edit Mon Jan 16 2017 16:53:18 GMT-1000 (TAHT)
GET /articles//edit Mon Jan 16 2017 16:54:06 GMT-1000 (TAHT)
GET /articles//edit Mon Jan 16 2017 16:54:19 GMT-1000 (TAHT)
GET /articles/yes Mon Jan 16 2017 16:54:44 GMT-1000 (TAHT)
GET /articles/yes/edit Mon Jan 16 2017 16:55:07 GMT-1000 (TAHT)
PUT /articles/yes Mon Jan 16 2017 16:55:53 GMT-1000 (TAHT)
GET /articles/yes/edit Mon Jan 16 2017 16:55:54 GMT-1000 (TAHT)
PUT /articles/yes Mon Jan 16 2017 16:56:03 GMT-1000 (TAHT)
GET /articles/yes/edit Mon Jan 16 2017 16:56:04 GMT-1000 (TAHT)
GET /articles/yes/ Mon Jan 16 2017 16:56:08 GMT-1000 (TAHT)
GET /articles/yes/edit Mon Jan 16 2017 16:56:13 GMT-1000 (TAHT)
PUT /articles/yes Mon Jan 16 2017 16:57:18 GMT-1000 (TAHT)
GET /articles/yes/edit Mon Jan 16 2017 16:57:19 GMT-1000 (TAHT)
PUT /articles/yes Mon Jan 16 2017 16:57:24 GMT-1000 (TAHT)
GET /articles/yes Mon Jan 16 2017 16:57:35 GMT-1000 (TAHT)
PUT /articles/yes Mon Jan 16 2017 16:57:39 GMT-1000 (TAHT)
GET /articles/yes/edit Mon Jan 16 2017 16:58:10 GMT-1000 (TAHT)
PUT /articles/yes Mon Jan 16 2017 16:58:13 GMT-1000 (TAHT)
PUT /articles/yes Mon Jan 16 2017 16:59:25 GMT-1000 (TAHT)
PUT /articles/yes Mon Jan 16 2017 16:59:30 GMT-1000 (TAHT)
PUT /articles/yes Mon Jan 16 2017 17:00:48 GMT-1000 (TAHT)
GET /articles/yes Mon Jan 16 2017 17:00:49 GMT-1000 (TAHT)
GET /articles/yes/edit Mon Jan 16 2017 17:00:55 GMT-1000 (TAHT)
PUT /articles/yes Mon Jan 16 2017 17:01:01 GMT-1000 (TAHT)
GET /articles/yes Mon Jan 16 2017 17:01:01 GMT-1000 (TAHT)
GET /articles/yes/edit Mon Jan 16 2017 17:01:38 GMT-1000 (TAHT)
GET /articles Mon Jan 16 2017 18:06:08 GMT-1000 (TAHT)
GET /articles/yoo Mon Jan 16 2017 18:06:14 GMT-1000 (TAHT)
GET /articles/yoo/edit Mon Jan 16 2017 18:06:16 GMT-1000 (TAHT)
PUT /articles/yoo Mon Jan 16 2017 18:06:22 GMT-1000 (TAHT)
GET /articles/yoo Mon Jan 16 2017 18:06:25 GMT-1000 (TAHT)
GET /articles/yoo/edit Mon Jan 16 2017 18:14:14 GMT-1000 (TAHT)
PUT /articles/yoo Mon Jan 16 2017 18:14:19 GMT-1000 (TAHT)
GET /articles/yoo Mon Jan 16 2017 18:14:19 GMT-1000 (TAHT)
GET /articles Mon Jan 16 2017 18:14:30 GMT-1000 (TAHT)
GET /articles/jsd Mon Jan 16 2017 18:15:43 GMT-1000 (TAHT)
GET /articles/yes Mon Jan 16 2017 18:16:06 GMT-1000 (TAHT)
GET /articles/yes/edit Mon Jan 16 2017 18:16:08 GMT-1000 (TAHT)
GET /articles/ksjfh/edit Mon Jan 16 2017 18:16:23 GMT-1000 (TAHT)
GET /articles/ksjfh/edit Mon Jan 16 2017 18:17:31 GMT-1000 (TAHT)
GET /articles/ksjfh/edit Mon Jan 16 2017 18:18:06 GMT-1000 (TAHT)
GET /articles/ksjfh/edit Mon Jan 16 2017 18:18:28 GMT-1000 (TAHT)
GET /articles Mon Jan 16 2017 18:23:22 GMT-1000 (TAHT)
GET /articles/Hel Mon Jan 16 2017 18:23:27 GMT-1000 (TAHT)
GET /articles Mon Jan 16 2017 18:23:31 GMT-1000 (TAHT)
DELETE /articles/hello Mon Jan 16 2017 18:24:19 GMT-1000 (TAHT)
GET /articles Mon Jan 16 2017 18:24:29 GMT-1000 (TAHT)
DELETE /articles/hello Mon Jan 16 2017 18:24:57 GMT-1000 (TAHT)
DELETE /articles/hello Mon Jan 16 2017 18:25:33 GMT-1000 (TAHT)
DELETE /articles/hello Mon Jan 16 2017 18:25:53 GMT-1000 (TAHT)
GET /articles Mon Jan 16 2017 18:25:54 GMT-1000 (TAHT)
GET /articles Mon Jan 16 2017 18:26:00 GMT-1000 (TAHT)
