GET /products/ Fri Jan 06 2017 12:25:23 GMT-1000 (TAHT)
GET /products/new Fri Jan 06 2017 12:26:35 GMT-1000 (TAHT)
POST /products/ Fri Jan 06 2017 12:26:40 GMT-1000 (TAHT)
GET /products/ Fri Jan 06 2017 12:26:40 GMT-1000 (TAHT)
GET /products/1 Fri Jan 06 2017 12:26:49 GMT-1000 (TAHT)
GET /products/1/edit Fri Jan 06 2017 12:26:55 GMT-1000 (TAHT)
PUT /products/1 Fri Jan 06 2017 12:26:59 GMT-1000 (TAHT)
GET /products/1 Fri Jan 06 2017 12:26:59 GMT-1000 (TAHT)
GET /products/ Fri Jan 06 2017 12:27:01 GMT-1000 (TAHT)
GET /products/1 Fri Jan 06 2017 12:27:02 GMT-1000 (TAHT)
GET /products/ Fri Jan 06 2017 13:54:33 GMT-1000 (TAHT)
GET /products/ Fri Jan 06 2017 13:56:04 GMT-1000 (TAHT)
GET /articles/ Fri Jan 06 2017 13:56:08 GMT-1000 (TAHT)
GET /articles/ Fri Jan 06 2017 14:05:38 GMT-1000 (TAHT)
GET /articles/ Fri Jan 06 2017 14:05:38 GMT-1000 (TAHT)
GET /articles/ Fri Jan 06 2017 14:06:57 GMT-1000 (TAHT)
GET /articles/ Fri Jan 06 2017 14:07:10 GMT-1000 (TAHT)
GET /articles/ Fri Jan 06 2017 14:07:24 GMT-1000 (TAHT)
GET /articles/ Fri Jan 06 2017 14:07:30 GMT-1000 (TAHT)
GET /articles/ Fri Jan 06 2017 14:07:36 GMT-1000 (TAHT)
GET /articles/ Fri Jan 06 2017 14:08:52 GMT-1000 (TAHT)
GET /articles/ Fri Jan 06 2017 14:09:09 GMT-1000 (TAHT)
POST /products/ Fri Jan 06 2017 14:15:33 GMT-1000 (TAHT)
POST /products/ Fri Jan 06 2017 14:15:33 GMT-1000 (TAHT)
PUT /products/1 Fri Jan 06 2017 14:15:33 GMT-1000 (TAHT)
PUT /products/1 Fri Jan 06 2017 14:15:33 GMT-1000 (TAHT)
DELETE /products/1 Fri Jan 06 2017 14:15:35 GMT-1000 (TAHT)
DELETE /products/800v Fri Jan 06 2017 14:15:35 GMT-1000 (TAHT)
GET /products/ Fri Jan 06 2017 14:15:35 GMT-1000 (TAHT)
GET /products/1/edit Fri Jan 06 2017 14:15:35 GMT-1000 (TAHT)
GET /products/new Fri Jan 06 2017 14:15:35 GMT-1000 (TAHT)
POST /products/ Fri Jan 06 2017 14:16:09 GMT-1000 (TAHT)
POST /products/ Fri Jan 06 2017 14:16:09 GMT-1000 (TAHT)
PUT /products/1 Fri Jan 06 2017 14:16:09 GMT-1000 (TAHT)
PUT /products/1 Fri Jan 06 2017 14:16:09 GMT-1000 (TAHT)
DELETE /products/1 Fri Jan 06 2017 14:16:11 GMT-1000 (TAHT)
DELETE /products/800v Fri Jan 06 2017 14:16:11 GMT-1000 (TAHT)
GET /products/ Fri Jan 06 2017 14:16:11 GMT-1000 (TAHT)
GET /products/1/edit Fri Jan 06 2017 14:16:11 GMT-1000 (TAHT)
GET /products/new Fri Jan 06 2017 14:16:11 GMT-1000 (TAHT)
GET /articles Fri Jan 06 2017 14:16:19 GMT-1000 (TAHT)
GET /articles/1/edit Fri Jan 06 2017 14:16:19 GMT-1000 (TAHT)
POST /products/ Fri Jan 06 2017 14:16:19 GMT-1000 (TAHT)
POST /products/ Fri Jan 06 2017 14:16:19 GMT-1000 (TAHT)
PUT /products/1 Fri Jan 06 2017 14:16:19 GMT-1000 (TAHT)
PUT /products/1 Fri Jan 06 2017 14:16:19 GMT-1000 (TAHT)
GET /articles Fri Jan 06 2017 14:16:21 GMT-1000 (TAHT)
DELETE /products/1 Fri Jan 06 2017 14:16:21 GMT-1000 (TAHT)
DELETE /products/800v Fri Jan 06 2017 14:16:21 GMT-1000 (TAHT)
GET /products/ Fri Jan 06 2017 14:16:21 GMT-1000 (TAHT)
GET /products/1/edit Fri Jan 06 2017 14:16:22 GMT-1000 (TAHT)
GET /products/new Fri Jan 06 2017 14:16:22 GMT-1000 (TAHT)
GET /articles Fri Jan 06 2017 14:16:51 GMT-1000 (TAHT)
GET /articles/1/edit Fri Jan 06 2017 14:16:51 GMT-1000 (TAHT)
POST /products/ Fri Jan 06 2017 14:16:51 GMT-1000 (TAHT)
POST /products/ Fri Jan 06 2017 14:16:51 GMT-1000 (TAHT)
PUT /products/1 Fri Jan 06 2017 14:16:51 GMT-1000 (TAHT)
PUT /products/1 Fri Jan 06 2017 14:16:51 GMT-1000 (TAHT)
DELETE /products/1 Fri Jan 06 2017 14:16:53 GMT-1000 (TAHT)
DELETE /products/800v Fri Jan 06 2017 14:16:53 GMT-1000 (TAHT)
GET /products/ Fri Jan 06 2017 14:16:53 GMT-1000 (TAHT)
GET /products/1/edit Fri Jan 06 2017 14:16:53 GMT-1000 (TAHT)
GET /products/new Fri Jan 06 2017 14:16:53 GMT-1000 (TAHT)
GET /articles Fri Jan 06 2017 14:17:05 GMT-1000 (TAHT)
GET /articles Fri Jan 06 2017 14:19:03 GMT-1000 (TAHT)
POST /articles Fri Jan 06 2017 14:19:08 GMT-1000 (TAHT)
GET /articles Fri Jan 06 2017 14:19:43 GMT-1000 (TAHT)
POST /articles Fri Jan 06 2017 14:19:49 GMT-1000 (TAHT)
GET /articles Fri Jan 06 2017 14:19:49 GMT-1000 (TAHT)
GET /articles/5t Fri Jan 06 2017 14:19:54 GMT-1000 (TAHT)
GET /articles Fri Jan 06 2017 14:19:55 GMT-1000 (TAHT)
POST /articles Fri Jan 06 2017 14:19:59 GMT-1000 (TAHT)
GET /articles Fri Jan 06 2017 14:19:59 GMT-1000 (TAHT)
GET /articles Fri Jan 06 2017 14:20:07 GMT-1000 (TAHT)
GET /products Fri Jan 06 2017 14:21:41 GMT-1000 (TAHT)
GET /products/new Fri Jan 06 2017 14:21:43 GMT-1000 (TAHT)
POST /products Fri Jan 06 2017 14:21:47 GMT-1000 (TAHT)
POST /products Fri Jan 06 2017 14:22:17 GMT-1000 (TAHT)
POST /products Fri Jan 06 2017 14:22:55 GMT-1000 (TAHT)
POST /products Fri Jan 06 2017 14:23:36 GMT-1000 (TAHT)
POST /products Fri Jan 06 2017 14:26:47 GMT-1000 (TAHT)
GET /products/new Fri Jan 06 2017 14:26:47 GMT-1000 (TAHT)
GET /products Fri Jan 06 2017 14:30:07 GMT-1000 (TAHT)
GET /products/new Fri Jan 06 2017 14:30:08 GMT-1000 (TAHT)
POST /products Fri Jan 06 2017 14:30:11 GMT-1000 (TAHT)
GET /products Fri Jan 06 2017 14:30:11 GMT-1000 (TAHT)
GET /products/1 Fri Jan 06 2017 14:30:14 GMT-1000 (TAHT)
GET /products/1/edit Fri Jan 06 2017 14:30:15 GMT-1000 (TAHT)
PUT /products/1 Fri Jan 06 2017 14:30:19 GMT-1000 (TAHT)
GET /products/1 Fri Jan 06 2017 14:30:19 GMT-1000 (TAHT)
GET /products Fri Jan 06 2017 14:30:23 GMT-1000 (TAHT)
GET /products/new Fri Jan 06 2017 14:30:26 GMT-1000 (TAHT)
POST /products Fri Jan 06 2017 14:30:29 GMT-1000 (TAHT)
GET /products Fri Jan 06 2017 14:30:29 GMT-1000 (TAHT)
GET /articles Fri Jan 06 2017 14:30:35 GMT-1000 (TAHT)
POST /articles Fri Jan 06 2017 14:30:40 GMT-1000 (TAHT)
GET /articles Fri Jan 06 2017 14:30:40 GMT-1000 (TAHT)
GET /articles/wefq Fri Jan 06 2017 14:30:41 GMT-1000 (TAHT)
GET /articles/wefq/edit Fri Jan 06 2017 14:30:42 GMT-1000 (TAHT)
PUT /articles/wefq Fri Jan 06 2017 14:30:49 GMT-1000 (TAHT)
GET /articles/wefq Fri Jan 06 2017 14:30:49 GMT-1000 (TAHT)
GET /articles Fri Jan 06 2017 14:30:52 GMT-1000 (TAHT)
POST /articles Fri Jan 06 2017 14:37:13 GMT-1000 (TAHT)
POST /articles Fri Jan 06 2017 14:37:13 GMT-1000 (TAHT)
PUT /articles/1 Fri Jan 06 2017 14:37:13 GMT-1000 (TAHT)
PUT /articles/1 Fri Jan 06 2017 14:37:13 GMT-1000 (TAHT)
DELETE /articles/1 Fri Jan 06 2017 14:37:13 GMT-1000 (TAHT)
DELETE /articles/1 Fri Jan 06 2017 14:37:13 GMT-1000 (TAHT)
GET /articles Fri Jan 06 2017 14:37:13 GMT-1000 (TAHT)
GET /articles/1/edit Fri Jan 06 2017 14:37:14 GMT-1000 (TAHT)
POST /products Fri Jan 06 2017 14:37:14 GMT-1000 (TAHT)
POST /products Fri Jan 06 2017 14:37:14 GMT-1000 (TAHT)
PUT /products/1 Fri Jan 06 2017 14:37:14 GMT-1000 (TAHT)
PUT /products/1 Fri Jan 06 2017 14:37:14 GMT-1000 (TAHT)
DELETE /products/1 Fri Jan 06 2017 14:37:16 GMT-1000 (TAHT)
DELETE /products/800v Fri Jan 06 2017 14:37:16 GMT-1000 (TAHT)
GET /products Fri Jan 06 2017 14:37:16 GMT-1000 (TAHT)
GET /products/1/edit Fri Jan 06 2017 14:37:16 GMT-1000 (TAHT)
GET /products/new Fri Jan 06 2017 14:37:16 GMT-1000 (TAHT)
POST /articles Fri Jan 06 2017 14:38:29 GMT-1000 (TAHT)
POST /articles Fri Jan 06 2017 14:38:29 GMT-1000 (TAHT)
PUT /articles/1 Fri Jan 06 2017 14:38:29 GMT-1000 (TAHT)
PUT /articles/1 Fri Jan 06 2017 14:38:29 GMT-1000 (TAHT)
DELETE /articles/1 Fri Jan 06 2017 14:38:29 GMT-1000 (TAHT)
DELETE /articles/1 Fri Jan 06 2017 14:38:29 GMT-1000 (TAHT)
GET /articles Fri Jan 06 2017 14:38:29 GMT-1000 (TAHT)
GET /articles/1/edit Fri Jan 06 2017 14:38:29 GMT-1000 (TAHT)
POST /products Fri Jan 06 2017 14:38:30 GMT-1000 (TAHT)
POST /products Fri Jan 06 2017 14:38:30 GMT-1000 (TAHT)
PUT /products/1 Fri Jan 06 2017 14:38:30 GMT-1000 (TAHT)
PUT /products/1 Fri Jan 06 2017 14:38:30 GMT-1000 (TAHT)
DELETE /products/1 Fri Jan 06 2017 14:38:32 GMT-1000 (TAHT)
DELETE /products/800v Fri Jan 06 2017 14:38:32 GMT-1000 (TAHT)
GET /products Fri Jan 06 2017 14:38:32 GMT-1000 (TAHT)
GET /products/1/edit Fri Jan 06 2017 14:38:32 GMT-1000 (TAHT)
GET /products/new Fri Jan 06 2017 14:38:32 GMT-1000 (TAHT)
POST /articles Fri Jan 06 2017 14:38:36 GMT-1000 (TAHT)
POST /articles Fri Jan 06 2017 14:38:36 GMT-1000 (TAHT)
PUT /articles/1 Fri Jan 06 2017 14:38:36 GMT-1000 (TAHT)
PUT /articles/1 Fri Jan 06 2017 14:38:36 GMT-1000 (TAHT)
DELETE /articles/1 Fri Jan 06 2017 14:38:36 GMT-1000 (TAHT)
DELETE /articles/1 Fri Jan 06 2017 14:38:36 GMT-1000 (TAHT)
GET /articles Fri Jan 06 2017 14:38:36 GMT-1000 (TAHT)
GET /articles/1/edit Fri Jan 06 2017 14:38:36 GMT-1000 (TAHT)
POST /products Fri Jan 06 2017 14:38:36 GMT-1000 (TAHT)
POST /products Fri Jan 06 2017 14:38:36 GMT-1000 (TAHT)
PUT /products/1 Fri Jan 06 2017 14:38:36 GMT-1000 (TAHT)
PUT /products/1 Fri Jan 06 2017 14:38:36 GMT-1000 (TAHT)
DELETE /products/1 Fri Jan 06 2017 14:38:38 GMT-1000 (TAHT)
DELETE /products/800v Fri Jan 06 2017 14:38:38 GMT-1000 (TAHT)
GET /products Fri Jan 06 2017 14:38:38 GMT-1000 (TAHT)
GET /products/1/edit Fri Jan 06 2017 14:38:38 GMT-1000 (TAHT)
GET /products/new Fri Jan 06 2017 14:38:38 GMT-1000 (TAHT)
POST /articles Fri Jan 06 2017 14:40:29 GMT-1000 (TAHT)
POST /articles Fri Jan 06 2017 14:40:29 GMT-1000 (TAHT)
PUT /articles/1 Fri Jan 06 2017 14:40:29 GMT-1000 (TAHT)
PUT /articles/1 Fri Jan 06 2017 14:40:29 GMT-1000 (TAHT)
DELETE /articles/1 Fri Jan 06 2017 14:40:29 GMT-1000 (TAHT)
DELETE /articles/1 Fri Jan 06 2017 14:40:29 GMT-1000 (TAHT)
GET /articles Fri Jan 06 2017 14:40:29 GMT-1000 (TAHT)
GET /articles/1/edit Fri Jan 06 2017 14:40:29 GMT-1000 (TAHT)
POST /products Fri Jan 06 2017 14:40:29 GMT-1000 (TAHT)
POST /products Fri Jan 06 2017 14:40:29 GMT-1000 (TAHT)
PUT /products/1 Fri Jan 06 2017 14:40:29 GMT-1000 (TAHT)
PUT /products/1 Fri Jan 06 2017 14:40:29 GMT-1000 (TAHT)
DELETE /products/1 Fri Jan 06 2017 14:40:31 GMT-1000 (TAHT)
DELETE /products/800v Fri Jan 06 2017 14:40:31 GMT-1000 (TAHT)
GET /products Fri Jan 06 2017 14:40:31 GMT-1000 (TAHT)
GET /products/1/edit Fri Jan 06 2017 14:40:31 GMT-1000 (TAHT)
GET /products/new Fri Jan 06 2017 14:40:31 GMT-1000 (TAHT)
POST /articles Fri Jan 06 2017 14:41:34 GMT-1000 (TAHT)
POST /articles Fri Jan 06 2017 14:41:34 GMT-1000 (TAHT)
PUT /articles/1 Fri Jan 06 2017 14:41:34 GMT-1000 (TAHT)
PUT /articles/1 Fri Jan 06 2017 14:41:34 GMT-1000 (TAHT)
DELETE /articles/1 Fri Jan 06 2017 14:41:34 GMT-1000 (TAHT)
DELETE /articles/1 Fri Jan 06 2017 14:41:34 GMT-1000 (TAHT)
GET /articles Fri Jan 06 2017 14:41:34 GMT-1000 (TAHT)
GET /articles/1/edit Fri Jan 06 2017 14:41:34 GMT-1000 (TAHT)
POST /products Fri Jan 06 2017 14:41:34 GMT-1000 (TAHT)
POST /products Fri Jan 06 2017 14:41:34 GMT-1000 (TAHT)
PUT /products/1 Fri Jan 06 2017 14:41:34 GMT-1000 (TAHT)
PUT /products/1 Fri Jan 06 2017 14:41:34 GMT-1000 (TAHT)
DELETE /products/1 Fri Jan 06 2017 14:41:36 GMT-1000 (TAHT)
DELETE /products/800v Fri Jan 06 2017 14:41:36 GMT-1000 (TAHT)
GET /products Fri Jan 06 2017 14:41:36 GMT-1000 (TAHT)
GET /products/1/edit Fri Jan 06 2017 14:41:36 GMT-1000 (TAHT)
GET /products/new Fri Jan 06 2017 14:41:36 GMT-1000 (TAHT)
POST /articles Fri Jan 06 2017 14:42:22 GMT-1000 (TAHT)
POST /articles Fri Jan 06 2017 14:42:22 GMT-1000 (TAHT)
POST /products Fri Jan 06 2017 14:42:22 GMT-1000 (TAHT)
POST /products Fri Jan 06 2017 14:42:22 GMT-1000 (TAHT)
PUT /products/1 Fri Jan 06 2017 14:42:22 GMT-1000 (TAHT)
PUT /products/1 Fri Jan 06 2017 14:42:22 GMT-1000 (TAHT)
DELETE /products/1 Fri Jan 06 2017 14:42:24 GMT-1000 (TAHT)
DELETE /products/800v Fri Jan 06 2017 14:42:24 GMT-1000 (TAHT)
GET /products Fri Jan 06 2017 14:42:24 GMT-1000 (TAHT)
GET /products/1/edit Fri Jan 06 2017 14:42:24 GMT-1000 (TAHT)
GET /products/new Fri Jan 06 2017 14:42:24 GMT-1000 (TAHT)
POST /articles Fri Jan 06 2017 14:42:59 GMT-1000 (TAHT)
POST /articles Fri Jan 06 2017 14:42:59 GMT-1000 (TAHT)
POST /articles Fri Jan 06 2017 14:47:01 GMT-1000 (TAHT)
POST /articles Fri Jan 06 2017 14:47:01 GMT-1000 (TAHT)
POST /articles Fri Jan 06 2017 14:47:20 GMT-1000 (TAHT)
POST /articles Fri Jan 06 2017 14:47:20 GMT-1000 (TAHT)
GET /articles Fri Jan 06 2017 14:47:35 GMT-1000 (TAHT)
GET /products Fri Jan 06 2017 14:47:44 GMT-1000 (TAHT)
GET /products/new Fri Jan 06 2017 14:47:45 GMT-1000 (TAHT)
POST /products Fri Jan 06 2017 14:47:47 GMT-1000 (TAHT)
GET /products Fri Jan 06 2017 14:47:47 GMT-1000 (TAHT)
GET /articles Fri Jan 06 2017 14:48:14 GMT-1000 (TAHT)
POST /articles Fri Jan 06 2017 14:48:16 GMT-1000 (TAHT)
GET /articles Fri Jan 06 2017 14:48:16 GMT-1000 (TAHT)
POST /articles Fri Jan 06 2017 14:48:59 GMT-1000 (TAHT)
POST /articles Fri Jan 06 2017 14:48:59 GMT-1000 (TAHT)
GET /articles Fri Jan 06 2017 14:49:01 GMT-1000 (TAHT)
POST /articles Fri Jan 06 2017 14:49:04 GMT-1000 (TAHT)
GET /articles Fri Jan 06 2017 14:49:04 GMT-1000 (TAHT)
POST /articles Fri Jan 06 2017 14:49:16 GMT-1000 (TAHT)
POST /articles Fri Jan 06 2017 14:49:16 GMT-1000 (TAHT)
POST /articles Fri Jan 06 2017 14:49:21 GMT-1000 (TAHT)
POST /articles Fri Jan 06 2017 14:49:38 GMT-1000 (TAHT)
POST /articles Fri Jan 06 2017 14:49:38 GMT-1000 (TAHT)
POST /articles Fri Jan 06 2017 14:49:40 GMT-1000 (TAHT)
POST /articles Fri Jan 06 2017 14:49:42 GMT-1000 (TAHT)
POST /articles Fri Jan 06 2017 14:49:54 GMT-1000 (TAHT)
POST /articles Fri Jan 06 2017 14:49:54 GMT-1000 (TAHT)
POST /articles Fri Jan 06 2017 14:50:11 GMT-1000 (TAHT)
POST /articles Fri Jan 06 2017 14:50:11 GMT-1000 (TAHT)
POST /articles Fri Jan 06 2017 14:50:16 GMT-1000 (TAHT)
POST /articles Fri Jan 06 2017 14:50:16 GMT-1000 (TAHT)
POST /articles Fri Jan 06 2017 14:50:17 GMT-1000 (TAHT)
POST /articles Fri Jan 06 2017 14:50:17 GMT-1000 (TAHT)
POST /articles Fri Jan 06 2017 14:50:42 GMT-1000 (TAHT)
POST /articles Fri Jan 06 2017 14:50:42 GMT-1000 (TAHT)
POST /articles Fri Jan 06 2017 14:50:58 GMT-1000 (TAHT)
POST /articles Fri Jan 06 2017 14:50:58 GMT-1000 (TAHT)
POST /articles Fri Jan 06 2017 14:51:54 GMT-1000 (TAHT)
POST /articles Fri Jan 06 2017 14:51:54 GMT-1000 (TAHT)
POST /articles Fri Jan 06 2017 14:52:06 GMT-1000 (TAHT)
POST /articles Fri Jan 06 2017 14:52:06 GMT-1000 (TAHT)
PUT /articles/1 Fri Jan 06 2017 14:52:06 GMT-1000 (TAHT)
PUT /articles/1 Fri Jan 06 2017 14:52:06 GMT-1000 (TAHT)
POST /articles Fri Jan 06 2017 14:52:29 GMT-1000 (TAHT)
POST /articles Fri Jan 06 2017 14:52:29 GMT-1000 (TAHT)
POST /articles Fri Jan 06 2017 14:52:49 GMT-1000 (TAHT)
POST /articles Fri Jan 06 2017 14:52:49 GMT-1000 (TAHT)
PUT /articles/1 Fri Jan 06 2017 14:52:49 GMT-1000 (TAHT)
POST /articles Fri Jan 06 2017 14:53:01 GMT-1000 (TAHT)
POST /articles Fri Jan 06 2017 14:53:01 GMT-1000 (TAHT)
PUT /articles/1 Fri Jan 06 2017 14:53:01 GMT-1000 (TAHT)
PUT /articles/1 Fri Jan 06 2017 14:53:01 GMT-1000 (TAHT)
POST /articles Fri Jan 06 2017 14:53:28 GMT-1000 (TAHT)
GET /articles Fri Jan 06 2017 14:53:28 GMT-1000 (TAHT)
GET /articles/fge Fri Jan 06 2017 14:53:29 GMT-1000 (TAHT)
GET /articles/fge/edit Fri Jan 06 2017 14:53:30 GMT-1000 (TAHT)
PUT /articles/fge Fri Jan 06 2017 14:53:44 GMT-1000 (TAHT)
GET /articles/fge/edit Fri Jan 06 2017 14:53:45 GMT-1000 (TAHT)
PUT /articles/fge Fri Jan 06 2017 14:53:51 GMT-1000 (TAHT)
GET /articles/fge Fri Jan 06 2017 14:53:51 GMT-1000 (TAHT)
GET /articles/fge/edit Fri Jan 06 2017 14:53:56 GMT-1000 (TAHT)
